-------------------------------------------------------------------------------
Test set: tests.СonstructorTest
-------------------------------------------------------------------------------
Tests run: 3, Failures: 0, Errors: 3, Skipped: 0, Time elapsed: 4.259 s <<< FAILURE! - in tests.СonstructorTest
goToBunsTest(tests.СonstructorTest)  Time elapsed: 1.323 s  <<< ERROR!
org.openqa.selenium.remote.http.ConnectionFailedException: 
Unable to establish websocket connection to http://localhost:55637/devtools/browser/c47f24f6-89ce-4611-9053-d670083a23f6
Build info: version: '4.6.0', revision: '79f1c02ae20'
System info: os.name: 'Windows 10', os.arch: 'amd64', os.version: '10.0', java.version: '18.0.1.1'
Driver info: driver.version: SelenideDriver
selenide.url: https://stellarburgers.nomoreparties.site/
selenide.baseUrl: http://localhost:8080
	at tests.СonstructorTest.setUp(СonstructorTest.java:19)

goToFillingsTest(tests.СonstructorTest)  Time elapsed: 1.442 s  <<< ERROR!
org.openqa.selenium.remote.http.ConnectionFailedException: 
Unable to establish websocket connection to http://localhost:55652/devtools/browser/42885490-8295-49da-85cf-8c43670b03d3
Build info: version: '4.6.0', revision: '79f1c02ae20'
System info: os.name: 'Windows 10', os.arch: 'amd64', os.version: '10.0', java.version: '18.0.1.1'
Driver info: driver.version: SelenideDriver
selenide.url: https://stellarburgers.nomoreparties.site/
selenide.baseUrl: http://localhost:8080
	at tests.СonstructorTest.setUp(СonstructorTest.java:19)

goToSaucesTest(tests.СonstructorTest)  Time elapsed: 1.456 s  <<< ERROR!
org.openqa.selenium.remote.http.ConnectionFailedException: 
Unable to establish websocket connection to http://localhost:55668/devtools/browser/40565960-bce0-4e65-9b3b-6206a89cffd0
Build info: version: '4.6.0', revision: '79f1c02ae20'
System info: os.name: 'Windows 10', os.arch: 'amd64', os.version: '10.0', java.version: '18.0.1.1'
Driver info: driver.version: SelenideDriver
selenide.url: https://stellarburgers.nomoreparties.site/
selenide.baseUrl: http://localhost:8080
	at tests.СonstructorTest.setUp(СonstructorTest.java:19)

