-------------------------------------------------------------------------------
Test set: tests.RegisterTest
-------------------------------------------------------------------------------
Tests run: 2, Failures: 0, Errors: 2, Skipped: 0, Time elapsed: 1.647 s <<< FAILURE! - in tests.RegisterTest
registerWithValidData(tests.RegisterTest)  Time elapsed: 0.706 s  <<< ERROR!
org.openqa.selenium.remote.http.ConnectionFailedException: 
Unable to establish websocket connection to http://localhost:60370/devtools/browser/2766d136-09c2-4425-bdfd-4bdbf47d3632
Build info: version: '4.6.0', revision: '79f1c02ae20'
System info: os.name: 'Windows 10', os.arch: 'amd64', os.version: '10.0', java.version: '18.0.1.1'
Driver info: driver.version: SelenideDriver
selenide.url: https://stellarburgers.nomoreparties.site
selenide.baseUrl: http://localhost:8080
	at tests.RegisterTest.setUp(RegisterTest.java:29)

registerWithWrongPassword(tests.RegisterTest)  Time elapsed: 0.941 s  <<< ERROR!
org.openqa.selenium.remote.http.ConnectionFailedException: 
Unable to establish websocket connection to http://localhost:60384/devtools/browser/44c92d82-341a-4676-9a63-3093c0ecac3b
Build info: version: '4.6.0', revision: '79f1c02ae20'
System info: os.name: 'Windows 10', os.arch: 'amd64', os.version: '10.0', java.version: '18.0.1.1'
Driver info: driver.version: SelenideDriver
selenide.url: https://stellarburgers.nomoreparties.site
selenide.baseUrl: http://localhost:8080
	at tests.RegisterTest.setUp(RegisterTest.java:29)

